2026-06-03 09:44:16,360 - Starting time: 2026.06.03 09:44:16
2026-06-03 09:44:16,360 - {
    "config_path": "config/activitynet/config_exp02.json",
    "ckpt_path": null,
    "eval": false,
    "exp_name": "base",
    "seed": 8
}
2026-06-03 09:44:16,360 - {
    "exp_name": "exp-activitynet_exp02",
    "dataset": {
        "name": "ActivityNet",
        "feature_path": "data/activitynet/sub_activitynet_v1-3.c3d.hdf5",
        "train_data": "data/activitynet/train_data.json",
        "test_data": "data/activitynet/test_data.json",
        "vocab_path": "data/activitynet/glove.pkl",
        "vocab_size": 8000,
        "max_num_words": 20,
        "max_num_segments": 200,
        "frame_feat_dim": 500,
        "word_feat_dim": 300
    },
    "train": {
        "wandb_path": "./",
        "log_path": "./log",
        "save_path": "./checkpoints/activitynet/exp-activitynet_exp02_2026-06-03_09-44-16",
        "batch_size": 32,
        "num_epochs": 30,
        "use_wandb": true,
        "save_model": true,
        "optimizer": {
            "lr": 0.0004,
            "weight_decay": 0,
            "warmup_updates": 400,
            "warmup_init_lr": 1e-07
        }
    },
    "model": {
        "name": "PPS",
        "frame_feat_dim": 500,
        "word_feat_dim": 300,
        "hidden_dim": 256,
        "dropout": 0.1,
        "masked_words_ratio": 3,
        "mask_type": "gaussian",
        "num_props": 5,
        "sigma_gauss": 4,
        "sigma_laplace": 4,
        "num_neg_mask": 2,
        "sigma_neg_inv_gauss": 1,
        "sigma_neg_gauss": 3,
        "use_attn": true,
        "pred_gamma": 0.15,
        "neg_type": "learnable_gaussian",
        "DualTransformer": {
            "d_model": 256,
            "num_heads": 4,
            "num_decoder_layers1": 3,
            "num_decoder_layers2": 3,
            "dropout": 0.1
        },
        "max_num_words": 20
    },
    "loss": {
        "margin_hneg": 0.1,
        "margin_eneg": 0.15,
        "lambda_inter_push": 0.15,
        "lambda_intra_push": 0.15,
        "alpha_ivc": 2,
        "alpha_pull": 2,
        "alpha_inter_push": 0.7,
        "alpha_intra_push": 0.003,
        "num_train_prop": 1
    },
    "config_path": "config/activitynet/config_exp02.json"
}
2026-06-03 09:44:16,751 - train: 37421 samples, test: 17031 samples
2026-06-03 09:46:18,766 - Start Epoch 1
2026-06-03 09:46:20,262 - Please install tensorboardX: pip install tensorboardX
2026-06-03 09:46:43,889 - Epoch 1, Batch 50, lr = 0.00005, final_loss = 8.7397, nll_loss = 8.7103, hneg_nll_loss = 8.7691, ivc_loss = 0.5509, neg_loss = 0.0885, hneg_loss = 0.0532, push_loss = 0.3048, pull_loss = 0.1064, 0.502 seconds/batch
2026-06-03 09:47:07,575 - Epoch 1, Batch 100, lr = 0.00010, final_loss = 7.6705, nll_loss = 7.6470, hneg_nll_loss = 7.6940, ivc_loss = 0.3653, neg_loss = 0.0891, hneg_loss = 0.0575, push_loss = 0.3407, pull_loss = 0.0151, 0.488 seconds/batch
2026-06-03 09:47:30,703 - Epoch 1, Batch 150, lr = 0.00015, final_loss = 6.9111, nll_loss = 6.8863, hneg_nll_loss = 6.9359, ivc_loss = 0.3295, neg_loss = 0.0848, hneg_loss = 0.0561, push_loss = 0.3655, pull_loss = 0.0084, 0.480 seconds/batch
2026-06-03 09:47:54,298 - Epoch 1, Batch 200, lr = 0.00020, final_loss = 6.4712, nll_loss = 6.4349, hneg_nll_loss = 6.5075, ivc_loss = 0.2659, neg_loss = 0.0676, hneg_loss = 0.0470, push_loss = 0.5030, pull_loss = 0.0079, 0.478 seconds/batch
2026-06-03 09:48:18,432 - Epoch 1, Batch 250, lr = 0.00025, final_loss = 6.2924, nll_loss = 6.2518, hneg_nll_loss = 6.3330, ivc_loss = 0.2428, neg_loss = 0.0623, hneg_loss = 0.0440, push_loss = 0.6485, pull_loss = 0.0089, 0.479 seconds/batch
2026-06-03 09:48:42,530 - Epoch 1, Batch 300, lr = 0.00030, final_loss = 6.2072, nll_loss = 6.1605, hneg_nll_loss = 6.2539, ivc_loss = 0.2314, neg_loss = 0.0621, hneg_loss = 0.0410, push_loss = 0.8580, pull_loss = 0.0084, 0.479 seconds/batch
2026-06-03 09:49:01,944 - Epoch 1, Batch 350, lr = 0.00035, final_loss = 6.1054, nll_loss = 6.0613, hneg_nll_loss = 6.1496, ivc_loss = 0.2232, neg_loss = 0.0585, hneg_loss = 0.0404, push_loss = 0.7617, pull_loss = 0.0071, 0.466 seconds/batch
2026-06-03 09:49:19,400 - Epoch 1, Batch 400, lr = 0.00040, final_loss = 6.0540, nll_loss = 6.0050, hneg_nll_loss = 6.1030, ivc_loss = 0.2152, neg_loss = 0.0524, hneg_loss = 0.0380, push_loss = 0.7795, pull_loss = 0.0102, 0.452 seconds/batch
2026-06-03 09:49:36,855 - Epoch 1, Batch 450, lr = 0.00038, final_loss = 6.0049, nll_loss = 5.9534, hneg_nll_loss = 6.0563, ivc_loss = 0.1975, neg_loss = 0.0496, hneg_loss = 0.0379, push_loss = 0.9528, pull_loss = 0.0068, 0.440 seconds/batch
2026-06-03 09:49:54,333 - Epoch 1, Batch 500, lr = 0.00036, final_loss = 5.8969, nll_loss = 5.8461, hneg_nll_loss = 5.9478, ivc_loss = 0.1915, neg_loss = 0.0440, hneg_loss = 0.0392, push_loss = 0.8140, pull_loss = 0.0049, 0.431 seconds/batch
2026-06-03 09:50:11,782 - Epoch 1, Batch 550, lr = 0.00034, final_loss = 5.8561, nll_loss = 5.8045, hneg_nll_loss = 5.9076, ivc_loss = 0.1813, neg_loss = 0.0433, hneg_loss = 0.0373, push_loss = 0.7252, pull_loss = 0.0059, 0.424 seconds/batch
2026-06-03 09:50:29,259 - Epoch 1, Batch 600, lr = 0.00033, final_loss = 5.7730, nll_loss = 5.7265, hneg_nll_loss = 5.8195, ivc_loss = 0.1940, neg_loss = 0.0464, hneg_loss = 0.0422, push_loss = 0.8547, pull_loss = 0.0050, 0.417 seconds/batch
2026-06-03 09:50:46,693 - Epoch 1, Batch 650, lr = 0.00031, final_loss = 5.7411, nll_loss = 5.6929, hneg_nll_loss = 5.7892, ivc_loss = 0.1818, neg_loss = 0.0418, hneg_loss = 0.0408, push_loss = 0.8282, pull_loss = 0.0051, 0.412 seconds/batch
2026-06-03 09:51:04,198 - Epoch 1, Batch 700, lr = 0.00030, final_loss = 5.7051, nll_loss = 5.6562, hneg_nll_loss = 5.7540, ivc_loss = 0.1704, neg_loss = 0.0364, hneg_loss = 0.0408, push_loss = 0.8035, pull_loss = 0.0049, 0.408 seconds/batch
2026-06-03 09:51:21,634 - Epoch 1, Batch 750, lr = 0.00029, final_loss = 5.7073, nll_loss = 5.6577, hneg_nll_loss = 5.7570, ivc_loss = 0.1697, neg_loss = 0.0388, hneg_loss = 0.0389, push_loss = 0.8710, pull_loss = 0.0039, 0.404 seconds/batch
2026-06-03 09:51:39,058 - Epoch 1, Batch 800, lr = 0.00028, final_loss = 5.6188, nll_loss = 5.5707, hneg_nll_loss = 5.6670, ivc_loss = 0.1640, neg_loss = 0.0360, hneg_loss = 0.0398, push_loss = 0.8253, pull_loss = 0.0034, 0.400 seconds/batch
2026-06-03 09:51:56,395 - Epoch 1, Batch 850, lr = 0.00027, final_loss = 5.5988, nll_loss = 5.5469, hneg_nll_loss = 5.6508, ivc_loss = 0.1603, neg_loss = 0.0351, hneg_loss = 0.0382, push_loss = 0.8000, pull_loss = 0.0040, 0.397 seconds/batch
2026-06-03 09:52:19,802 - Epoch 1, Batch 900, lr = 0.00027, final_loss = 5.5781, nll_loss = 5.5299, hneg_nll_loss = 5.6263, ivc_loss = 0.1754, neg_loss = 0.0402, hneg_loss = 0.0414, push_loss = 0.7434, pull_loss = 0.0037, 0.401 seconds/batch
2026-06-03 09:52:43,677 - Epoch 1, Batch 950, lr = 0.00026, final_loss = 5.5513, nll_loss = 5.5018, hneg_nll_loss = 5.6009, ivc_loss = 0.1734, neg_loss = 0.0388, hneg_loss = 0.0406, push_loss = 0.8349, pull_loss = 0.0043, 0.405 seconds/batch
2026-06-03 09:53:07,570 - Epoch 1, Batch 1000, lr = 0.00025, final_loss = 5.5429, nll_loss = 5.4926, hneg_nll_loss = 5.5933, ivc_loss = 0.1619, neg_loss = 0.0333, hneg_loss = 0.0406, push_loss = 0.7718, pull_loss = 0.0044, 0.409 seconds/batch
2026-06-03 09:53:31,768 - Epoch 1, Batch 1050, lr = 0.00025, final_loss = 5.5285, nll_loss = 5.4753, hneg_nll_loss = 5.5816, ivc_loss = 0.1642, neg_loss = 0.0353, hneg_loss = 0.0401, push_loss = 0.8407, pull_loss = 0.0037, 0.412 seconds/batch
2026-06-03 09:53:55,323 - Epoch 1, Batch 1100, lr = 0.00024, final_loss = 5.4732, nll_loss = 5.4209, hneg_nll_loss = 5.5255, ivc_loss = 0.1525, neg_loss = 0.0310, hneg_loss = 0.0392, push_loss = 0.8164, pull_loss = 0.0031, 0.415 seconds/batch
2026-06-03 09:54:19,080 - Epoch 1, Batch 1150, lr = 0.00024, final_loss = 5.4506, nll_loss = 5.3979, hneg_nll_loss = 5.5033, ivc_loss = 0.1529, neg_loss = 0.0323, hneg_loss = 0.0381, push_loss = 0.7044, pull_loss = 0.0035, 0.418 seconds/batch
2026-06-03 09:54:28,500 - Epoch 1, Batch 1170, lr = 0.00023, final_loss = 5.4498, nll_loss = 5.3973, hneg_nll_loss = 5.5023, ivc_loss = 0.1487, neg_loss = 0.0335, hneg_loss = 0.0351, push_loss = 0.9482, pull_loss = 0.0029, 0.419 seconds/batch
2026-06-03 09:54:28,644 - save model to ./checkpoints/activitynet/exp-activitynet_exp02_2026-06-03_09-44-16/model-1.pt, num_updates 1170.
2026-06-03 09:57:35,202 - | Rank1,mIoU 0.1163 | Rank1,IoU@0.1 0.3541 | Rank1,IoU@0.3 0.1573 | Rank1,IoU@0.5 0.0590 | Rank5,mIoU 0.3673 | Rank5,IoU@0.1 0.9278 | Rank5,IoU@0.3 0.5186 | Rank5,IoU@0.5 0.2748 |
2026-06-03 09:57:35,202 - ============================================================
2026-06-03 09:57:35,203 - Start Epoch 2
2026-06-03 09:57:58,760 - Epoch 2, Batch 50, lr = 0.00023, final_loss = 5.3909, nll_loss = 5.3367, hneg_nll_loss = 5.4451, ivc_loss = 0.1466, neg_loss = 0.0290, hneg_loss = 0.0383, push_loss = 0.8309, pull_loss = 0.0025, 0.471 seconds/batch
2026-06-03 09:58:22,961 - Epoch 2, Batch 100, lr = 0.00022, final_loss = 5.4381, nll_loss = 5.3806, hneg_nll_loss = 5.4956, ivc_loss = 0.1429, neg_loss = 0.0292, hneg_loss = 0.0363, push_loss = 0.7629, pull_loss = 0.0032, 0.478 seconds/batch
2026-06-03 09:58:47,203 - Epoch 2, Batch 150, lr = 0.00022, final_loss = 5.4236, nll_loss = 5.3664, hneg_nll_loss = 5.4809, ivc_loss = 0.1373, neg_loss = 0.0248, hneg_loss = 0.0372, push_loss = 0.6238, pull_loss = 0.0035, 0.480 seconds/batch
2026-06-03 09:59:11,443 - Epoch 2, Batch 200, lr = 0.00022, final_loss = 5.3829, nll_loss = 5.3276, hneg_nll_loss = 5.4383, ivc_loss = 0.1321, neg_loss = 0.0238, hneg_loss = 0.0365, push_loss = 0.6618, pull_loss = 0.0034, 0.481 seconds/batch
2026-06-03 09:59:35,651 - Epoch 2, Batch 250, lr = 0.00021, final_loss = 5.3352, nll_loss = 5.2776, hneg_nll_loss = 5.3928, ivc_loss = 0.1244, neg_loss = 0.0218, hneg_loss = 0.0344, push_loss = 0.7049, pull_loss = 0.0036, 0.482 seconds/batch
2026-06-03 09:59:59,772 - Epoch 2, Batch 300, lr = 0.00021, final_loss = 5.3311, nll_loss = 5.2754, hneg_nll_loss = 5.3869, ivc_loss = 0.1394, neg_loss = 0.0268, hneg_loss = 0.0357, push_loss = 0.6093, pull_loss = 0.0039, 0.482 seconds/batch
2026-06-03 10:00:19,498 - Epoch 2, Batch 350, lr = 0.00021, final_loss = 5.3200, nll_loss = 5.2636, hneg_nll_loss = 5.3765, ivc_loss = 0.1372, neg_loss = 0.0261, hneg_loss = 0.0364, push_loss = 0.6356, pull_loss = 0.0027, 0.469 seconds/batch
2026-06-03 10:00:37,038 - Epoch 2, Batch 400, lr = 0.00020, final_loss = 5.3307, nll_loss = 5.2724, hneg_nll_loss = 5.3889, ivc_loss = 0.1300, neg_loss = 0.0228, hneg_loss = 0.0362, push_loss = 0.6685, pull_loss = 0.0029, 0.455 seconds/batch
2026-06-03 10:00:54,558 - Epoch 2, Batch 450, lr = 0.00020, final_loss = 5.3031, nll_loss = 5.2450, hneg_nll_loss = 5.3611, ivc_loss = 0.1230, neg_loss = 0.0215, hneg_loss = 0.0345, push_loss = 0.7237, pull_loss = 0.0031, 0.443 seconds/batch
2026-06-03 10:01:12,073 - Epoch 2, Batch 500, lr = 0.00020, final_loss = 5.3022, nll_loss = 5.2459, hneg_nll_loss = 5.3585, ivc_loss = 0.1269, neg_loss = 0.0216, hneg_loss = 0.0369, push_loss = 0.6489, pull_loss = 0.0027, 0.434 seconds/batch
2026-06-03 10:01:29,538 - Epoch 2, Batch 550, lr = 0.00019, final_loss = 5.2866, nll_loss = 5.2310, hneg_nll_loss = 5.3422, ivc_loss = 0.1287, neg_loss = 0.0222, hneg_loss = 0.0370, push_loss = 0.7309, pull_loss = 0.0027, 0.426 seconds/batch
2026-06-03 10:01:47,055 - Epoch 2, Batch 600, lr = 0.00019, final_loss = 5.2760, nll_loss = 5.2190, hneg_nll_loss = 5.3331, ivc_loss = 0.1195, neg_loss = 0.0191, hneg_loss = 0.0361, push_loss = 0.7280, pull_loss = 0.0024, 0.420 seconds/batch
2026-06-03 10:02:04,646 - Epoch 2, Batch 650, lr = 0.00019, final_loss = 5.2543, nll_loss = 5.1997, hneg_nll_loss = 5.3089, ivc_loss = 0.1275, neg_loss = 0.0219, hneg_loss = 0.0365, push_loss = 0.8050, pull_loss = 0.0023, 0.415 seconds/batch
2026-06-03 10:02:22,211 - Epoch 2, Batch 700, lr = 0.00018, final_loss = 5.2639, nll_loss = 5.2068, hneg_nll_loss = 5.3211, ivc_loss = 0.1222, neg_loss = 0.0185, hneg_loss = 0.0379, push_loss = 0.6935, pull_loss = 0.0025, 0.410 seconds/batch
2026-06-03 10:02:39,798 - Epoch 2, Batch 750, lr = 0.00018, final_loss = 5.2571, nll_loss = 5.2036, hneg_nll_loss = 5.3106, ivc_loss = 0.1338, neg_loss = 0.0234, hneg_loss = 0.0389, push_loss = 0.6367, pull_loss = 0.0023, 0.406 seconds/batch
2026-06-03 10:02:57,399 - Epoch 2, Batch 800, lr = 0.00018, final_loss = 5.2359, nll_loss = 5.1782, hneg_nll_loss = 5.2935, ivc_loss = 0.1191, neg_loss = 0.0187, hneg_loss = 0.0357, push_loss = 0.5838, pull_loss = 0.0024, 0.403 seconds/batch
2026-06-03 10:03:15,016 - Epoch 2, Batch 850, lr = 0.00018, final_loss = 5.2452, nll_loss = 5.1874, hneg_nll_loss = 5.3031, ivc_loss = 0.1218, neg_loss = 0.0202, hneg_loss = 0.0361, push_loss = 0.6454, pull_loss = 0.0023, 0.400 seconds/batch
2026-06-03 10:03:38,781 - Epoch 2, Batch 900, lr = 0.00018, final_loss = 5.2171, nll_loss = 5.1622, hneg_nll_loss = 5.2721, ivc_loss = 0.1228, neg_loss = 0.0185, hneg_loss = 0.0382, push_loss = 0.6225, pull_loss = 0.0022, 0.404 seconds/batch
2026-06-03 10:04:02,973 - Epoch 2, Batch 950, lr = 0.00017, final_loss = 5.2143, nll_loss = 5.1604, hneg_nll_loss = 5.2682, ivc_loss = 0.1219, neg_loss = 0.0177, hneg_loss = 0.0391, push_loss = 0.6230, pull_loss = 0.0019, 0.408 seconds/batch
2026-06-03 10:04:27,151 - Epoch 2, Batch 1000, lr = 0.00017, final_loss = 5.2237, nll_loss = 5.1705, hneg_nll_loss = 5.2769, ivc_loss = 0.1187, neg_loss = 0.0168, hneg_loss = 0.0383, push_loss = 0.6068, pull_loss = 0.0018, 0.412 seconds/batch
2026-06-03 10:04:51,410 - Epoch 2, Batch 1050, lr = 0.00017, final_loss = 5.1941, nll_loss = 5.1361, hneg_nll_loss = 5.2521, ivc_loss = 0.1137, neg_loss = 0.0158, hneg_loss = 0.0365, push_loss = 0.5982, pull_loss = 0.0020, 0.415 seconds/batch
2026-06-03 10:05:15,602 - Epoch 2, Batch 1100, lr = 0.00017, final_loss = 5.2071, nll_loss = 5.1517, hneg_nll_loss = 5.2626, ivc_loss = 0.1214, neg_loss = 0.0189, hneg_loss = 0.0375, push_loss = 0.6974, pull_loss = 0.0021, 0.419 seconds/batch
2026-06-03 10:05:39,763 - Epoch 2, Batch 1150, lr = 0.00017, final_loss = 5.1697, nll_loss = 5.1117, hneg_nll_loss = 5.2276, ivc_loss = 0.1133, neg_loss = 0.0156, hneg_loss = 0.0359, push_loss = 0.6479, pull_loss = 0.0020, 0.421 seconds/batch
2026-06-03 10:05:49,299 - Epoch 2, Batch 1170, lr = 0.00017, final_loss = 5.2052, nll_loss = 5.1475, hneg_nll_loss = 5.2630, ivc_loss = 0.1125, neg_loss = 0.0148, hneg_loss = 0.0365, push_loss = 0.7058, pull_loss = 0.0020, 0.422 seconds/batch
2026-06-03 10:05:49,444 - save model to ./checkpoints/activitynet/exp-activitynet_exp02_2026-06-03_09-44-16/model-2.pt, num_updates 2340.
2026-06-03 10:08:55,981 - | Rank1,mIoU 0.1402 | Rank1,IoU@0.1 0.4393 | Rank1,IoU@0.3 0.1807 | Rank1,IoU@0.5 0.0672 | Rank5,mIoU 0.4247 | Rank5,IoU@0.1 0.9655 | Rank5,IoU@0.3 0.6872 | Rank5,IoU@0.5 0.3054 |
2026-06-03 10:08:55,981 - ============================================================
2026-06-03 10:08:55,981 - Start Epoch 3
2026-06-03 10:09:20,404 - Epoch 3, Batch 50, lr = 0.00016, final_loss = 5.1318, nll_loss = 5.0774, hneg_nll_loss = 5.1863, ivc_loss = 0.1181, neg_loss = 0.0161, hneg_loss = 0.0383, push_loss = 0.6246, pull_loss = 0.0020, 0.488 seconds/batch
2026-06-03 10:09:44,902 - Epoch 3, Batch 100, lr = 0.00016, final_loss = 5.1617, nll_loss = 5.1069, hneg_nll_loss = 5.2166, ivc_loss = 0.1123, neg_loss = 0.0129, hneg_loss = 0.0388, push_loss = 0.7297, pull_loss = 0.0018, 0.489 seconds/batch
2026-06-03 10:10:17,386 - Epoch 3, Batch 150, lr = 0.00016, final_loss = 5.1246, nll_loss = 5.0664, hneg_nll_loss = 5.1828, ivc_loss = 0.1038, neg_loss = 0.0130, hneg_loss = 0.0350, push_loss = 0.6623, pull_loss = 0.0015, 0.543 seconds/batch
2026-06-03 10:10:52,104 - Epoch 3, Batch 200, lr = 0.00016, final_loss = 5.1469, nll_loss = 5.0862, hneg_nll_loss = 5.2077, ivc_loss = 0.1039, neg_loss = 0.0137, hneg_loss = 0.0342, push_loss = 0.6442, pull_loss = 0.0017, 0.581 seconds/batch
2026-06-03 10:11:27,165 - Epoch 3, Batch 250, lr = 0.00016, final_loss = 5.1283, nll_loss = 5.0663, hneg_nll_loss = 5.1902, ivc_loss = 0.0964, neg_loss = 0.0123, hneg_loss = 0.0321, push_loss = 0.6452, pull_loss = 0.0014, 0.605 seconds/batch
2026-06-03 10:12:02,011 - Epoch 3, Batch 300, lr = 0.00016, final_loss = 5.0943, nll_loss = 5.0350, hneg_nll_loss = 5.1536, ivc_loss = 0.1016, neg_loss = 0.0116, hneg_loss = 0.0354, push_loss = 0.6318, pull_loss = 0.0014, 0.620 seconds/batch
2026-06-03 10:12:32,360 - Epoch 3, Batch 350, lr = 0.00015, final_loss = 5.0852, nll_loss = 5.0276, hneg_nll_loss = 5.1429, ivc_loss = 0.1072, neg_loss = 0.0132, hneg_loss = 0.0367, push_loss = 0.6137, pull_loss = 0.0011, 0.618 seconds/batch
2026-06-03 10:13:00,268 - Epoch 3, Batch 400, lr = 0.00015, final_loss = 5.0872, nll_loss = 5.0290, hneg_nll_loss = 5.1455, ivc_loss = 0.1035, neg_loss = 0.0119, hneg_loss = 0.0357, push_loss = 0.6205, pull_loss = 0.0014, 0.611 seconds/batch
2026-06-03 10:13:28,165 - Epoch 3, Batch 450, lr = 0.00015, final_loss = 5.0700, nll_loss = 5.0099, hneg_nll_loss = 5.1302, ivc_loss = 0.1029, neg_loss = 0.0117, hneg_loss = 0.0355, push_loss = 0.6497, pull_loss = 0.0013, 0.605 seconds/batch
2026-06-03 10:13:56,107 - Epoch 3, Batch 500, lr = 0.00015, final_loss = 5.1176, nll_loss = 5.0566, hneg_nll_loss = 5.1786, ivc_loss = 0.0982, neg_loss = 0.0109, hneg_loss = 0.0337, push_loss = 0.5798, pull_loss = 0.0015, 0.600 seconds/batch
2026-06-03 10:14:24,086 - Epoch 3, Batch 550, lr = 0.00015, final_loss = 5.0904, nll_loss = 5.0291, hneg_nll_loss = 5.1516, ivc_loss = 0.0993, neg_loss = 0.0111, hneg_loss = 0.0341, push_loss = 0.5952, pull_loss = 0.0016, 0.597 seconds/batch
2026-06-03 10:14:51,996 - Epoch 3, Batch 600, lr = 0.00015, final_loss = 5.0823, nll_loss = 5.0252, hneg_nll_loss = 5.1394, ivc_loss = 0.1011, neg_loss = 0.0104, hneg_loss = 0.0359, push_loss = 0.6041, pull_loss = 0.0015, 0.593 seconds/batch
2026-06-03 10:15:19,902 - Epoch 3, Batch 650, lr = 0.00015, final_loss = 5.0649, nll_loss = 5.0053, hneg_nll_loss = 5.1246, ivc_loss = 0.0939, neg_loss = 0.0093, hneg_loss = 0.0337, push_loss = 0.5901, pull_loss = 0.0010, 0.591 seconds/batch
2026-06-03 10:15:47,822 - Epoch 3, Batch 700, lr = 0.00015, final_loss = 5.1008, nll_loss = 5.0388, hneg_nll_loss = 5.1629, ivc_loss = 0.1002, neg_loss = 0.0120, hneg_loss = 0.0340, push_loss = 0.5782, pull_loss = 0.0011, 0.588 seconds/batch
2026-06-03 10:16:15,740 - Epoch 3, Batch 750, lr = 0.00014, final_loss = 5.0382, nll_loss = 4.9789, hneg_nll_loss = 5.0975, ivc_loss = 0.0984, neg_loss = 0.0106, hneg_loss = 0.0350, push_loss = 0.6739, pull_loss = 0.0011, 0.586 seconds/batch
2026-06-03 10:16:43,624 - Epoch 3, Batch 800, lr = 0.00014, final_loss = 5.0696, nll_loss = 5.0090, hneg_nll_loss = 5.1303, ivc_loss = 0.0987, neg_loss = 0.0104, hneg_loss = 0.0353, push_loss = 0.5992, pull_loss = 0.0010, 0.585 seconds/batch
2026-06-03 10:17:11,641 - Epoch 3, Batch 850, lr = 0.00014, final_loss = 5.0424, nll_loss = 4.9830, hneg_nll_loss = 5.1018, ivc_loss = 0.0985, neg_loss = 0.0099, hneg_loss = 0.0359, push_loss = 0.6098, pull_loss = 0.0010, 0.583 seconds/batch
2026-06-03 10:17:45,858 - Epoch 3, Batch 900, lr = 0.00014, final_loss = 5.0337, nll_loss = 4.9730, hneg_nll_loss = 5.0945, ivc_loss = 0.0934, neg_loss = 0.0084, hneg_loss = 0.0348, push_loss = 0.6205, pull_loss = 0.0009, 0.589 seconds/batch
2026-06-03 10:18:20,138 - Epoch 3, Batch 950, lr = 0.00014, final_loss = 5.0596, nll_loss = 5.0004, hneg_nll_loss = 5.1189, ivc_loss = 0.0969, neg_loss = 0.0094, hneg_loss = 0.0355, push_loss = 0.6228, pull_loss = 0.0010, 0.594 seconds/batch
2026-06-03 10:18:54,418 - Epoch 3, Batch 1000, lr = 0.00014, final_loss = 5.0316, nll_loss = 4.9689, hneg_nll_loss = 5.0942, ivc_loss = 0.0946, neg_loss = 0.0098, hneg_loss = 0.0339, push_loss = 0.6446, pull_loss = 0.0010, 0.598 seconds/batch
2026-06-03 10:19:29,086 - Epoch 3, Batch 1050, lr = 0.00014, final_loss = 5.0038, nll_loss = 4.9462, hneg_nll_loss = 5.0613, ivc_loss = 0.0944, neg_loss = 0.0080, hneg_loss = 0.0353, push_loss = 0.6124, pull_loss = 0.0010, 0.603 seconds/batch
2026-06-03 10:20:04,242 - Epoch 3, Batch 1100, lr = 0.00014, final_loss = 5.0181, nll_loss = 4.9562, hneg_nll_loss = 5.0799, ivc_loss = 0.0926, neg_loss = 0.0074, hneg_loss = 0.0342, push_loss = 0.6609, pull_loss = 0.0021, 0.608 seconds/batch
2026-06-03 10:20:38,776 - Epoch 3, Batch 1150, lr = 0.00014, final_loss = 4.9831, nll_loss = 4.9243, hneg_nll_loss = 5.0419, ivc_loss = 0.0970, neg_loss = 0.0076, hneg_loss = 0.0372, push_loss = 0.5946, pull_loss = 0.0011, 0.611 seconds/batch
2026-06-03 10:20:52,717 - Epoch 3, Batch 1170, lr = 0.00014, final_loss = 5.0931, nll_loss = 5.0334, hneg_nll_loss = 5.1527, ivc_loss = 0.0945, neg_loss = 0.0090, hneg_loss = 0.0351, push_loss = 0.6188, pull_loss = 0.0009, 0.613 seconds/batch
2026-06-03 10:20:52,851 - save model to ./checkpoints/activitynet/exp-activitynet_exp02_2026-06-03_09-44-16/model-3.pt, num_updates 3510.
2026-06-03 10:24:58,735 - | Rank1,mIoU 0.1363 | Rank1,IoU@0.1 0.4286 | Rank1,IoU@0.3 0.1747 | Rank1,IoU@0.5 0.0694 | Rank5,mIoU 0.4170 | Rank5,IoU@0.1 0.9591 | Rank5,IoU@0.3 0.6749 | Rank5,IoU@0.5 0.3091 |
2026-06-03 10:24:58,736 - ============================================================
2026-06-03 10:24:58,736 - Start Epoch 4
2026-06-03 10:25:26,807 - Epoch 4, Batch 50, lr = 0.00013, final_loss = 4.9854, nll_loss = 4.9241, hneg_nll_loss = 5.0467, ivc_loss = 0.0900, neg_loss = 0.0081, hneg_loss = 0.0331, push_loss = 0.6855, pull_loss = 0.0010, 0.561 seconds/batch
2026-06-03 10:25:54,557 - Epoch 4, Batch 100, lr = 0.00013, final_loss = 4.9972, nll_loss = 4.9375, hneg_nll_loss = 5.0569, ivc_loss = 0.0962, neg_loss = 0.0086, hneg_loss = 0.0353, push_loss = 0.5856, pull_loss = 0.0013, 0.558 seconds/batch
2026-06-03 10:26:28,317 - Epoch 4, Batch 150, lr = 0.00013, final_loss = 5.0079, nll_loss = 4.9468, hneg_nll_loss = 5.0689, ivc_loss = 0.0929, neg_loss = 0.0079, hneg_loss = 0.0346, push_loss = 0.6270, pull_loss = 0.0011, 0.597 seconds/batch
2026-06-03 10:27:03,235 - Epoch 4, Batch 200, lr = 0.00013, final_loss = 4.9511, nll_loss = 4.8898, hneg_nll_loss = 5.0123, ivc_loss = 0.0889, neg_loss = 0.0084, hneg_loss = 0.0328, push_loss = 0.6651, pull_loss = 0.0010, 0.622 seconds/batch
2026-06-03 10:27:38,158 - Epoch 4, Batch 250, lr = 0.00013, final_loss = 4.9851, nll_loss = 4.9230, hneg_nll_loss = 5.0472, ivc_loss = 0.0905, neg_loss = 0.0087, hneg_loss = 0.0332, push_loss = 0.6511, pull_loss = 0.0010, 0.638 seconds/batch
2026-06-03 10:28:13,228 - Epoch 4, Batch 300, lr = 0.00013, final_loss = 4.9635, nll_loss = 4.9041, hneg_nll_loss = 5.0229, ivc_loss = 0.0966, neg_loss = 0.0077, hneg_loss = 0.0372, push_loss = 0.6564, pull_loss = 0.0011, 0.648 seconds/batch
2026-06-03 10:28:43,303 - Epoch 4, Batch 350, lr = 0.00013, final_loss = 4.9511, nll_loss = 4.8881, hneg_nll_loss = 5.0141, ivc_loss = 0.0954, neg_loss = 0.0091, hneg_loss = 0.0345, push_loss = 0.6175, pull_loss = 0.0010, 0.642 seconds/batch
2026-06-03 10:29:11,264 - Epoch 4, Batch 400, lr = 0.00013, final_loss = 4.9718, nll_loss = 4.9097, hneg_nll_loss = 5.0338, ivc_loss = 0.0909, neg_loss = 0.0082, hneg_loss = 0.0334, push_loss = 0.5949, pull_loss = 0.0010, 0.631 seconds/batch
2026-06-03 10:29:39,189 - Epoch 4, Batch 450, lr = 0.00013, final_loss = 4.9276, nll_loss = 4.8666, hneg_nll_loss = 4.9886, ivc_loss = 0.0872, neg_loss = 0.0071, hneg_loss = 0.0332, push_loss = 0.6254, pull_loss = 0.0009, 0.623 seconds/batch
2026-06-03 10:30:07,077 - Epoch 4, Batch 500, lr = 0.00013, final_loss = 4.9984, nll_loss = 4.9342, hneg_nll_loss = 5.0626, ivc_loss = 0.0884, neg_loss = 0.0068, hneg_loss = 0.0338, push_loss = 0.6080, pull_loss = 0.0009, 0.617 seconds/batch
2026-06-03 10:30:34,958 - Epoch 4, Batch 550, lr = 0.00013, final_loss = 4.9521, nll_loss = 4.8904, hneg_nll_loss = 5.0137, ivc_loss = 0.0854, neg_loss = 0.0055, hneg_loss = 0.0332, push_loss = 0.5447, pull_loss = 0.0009, 0.611 seconds/batch
2026-06-03 10:31:02,923 - Epoch 4, Batch 600, lr = 0.00012, final_loss = 4.9224, nll_loss = 4.8584, hneg_nll_loss = 4.9864, ivc_loss = 0.0838, neg_loss = 0.0066, hneg_loss = 0.0318, push_loss = 0.6187, pull_loss = 0.0009, 0.607 seconds/batch
2026-06-03 10:31:30,837 - Epoch 4, Batch 650, lr = 0.00012, final_loss = 4.9550, nll_loss = 4.8940, hneg_nll_loss = 5.0160, ivc_loss = 0.0889, neg_loss = 0.0067, hneg_loss = 0.0342, push_loss = 0.5783, pull_loss = 0.0010, 0.603 seconds/batch
2026-06-03 10:31:58,851 - Epoch 4, Batch 700, lr = 0.00012, final_loss = 4.9437, nll_loss = 4.8826, hneg_nll_loss = 5.0047, ivc_loss = 0.0908, neg_loss = 0.0061, hneg_loss = 0.0343, push_loss = 0.5148, pull_loss = 0.0012, 0.600 seconds/batch
2026-06-03 10:32:26,821 - Epoch 4, Batch 750, lr = 0.00012, final_loss = 4.9440, nll_loss = 4.8809, hneg_nll_loss = 5.0071, ivc_loss = 0.0869, neg_loss = 0.0062, hneg_loss = 0.0331, push_loss = 0.5703, pull_loss = 0.0010, 0.597 seconds/batch
2026-06-03 10:32:54,770 - Epoch 4, Batch 800, lr = 0.00012, final_loss = 4.9586, nll_loss = 4.8970, hneg_nll_loss = 5.0203, ivc_loss = 0.0896, neg_loss = 0.0056, hneg_loss = 0.0350, push_loss = 0.5865, pull_loss = 0.0010, 0.595 seconds/batch
2026-06-03 10:33:22,936 - Epoch 4, Batch 850, lr = 0.00012, final_loss = 4.8901, nll_loss = 4.8264, hneg_nll_loss = 4.9538, ivc_loss = 0.0842, neg_loss = 0.0057, hneg_loss = 0.0328, push_loss = 0.5569, pull_loss = 0.0009, 0.593 seconds/batch
2026-06-03 10:33:57,189 - Epoch 4, Batch 900, lr = 0.00012, final_loss = 4.9355, nll_loss = 4.8679, hneg_nll_loss = 5.0032, ivc_loss = 0.0768, neg_loss = 0.0058, hneg_loss = 0.0297, push_loss = 0.6451, pull_loss = 0.0008, 0.598 seconds/batch
2026-06-03 10:34:31,524 - Epoch 4, Batch 950, lr = 0.00012, final_loss = 4.9186, nll_loss = 4.8540, hneg_nll_loss = 4.9832, ivc_loss = 0.0869, neg_loss = 0.0056, hneg_loss = 0.0345, push_loss = 0.6364, pull_loss = 0.0010, 0.603 seconds/batch
2026-06-03 10:35:06,009 - Epoch 4, Batch 1000, lr = 0.00012, final_loss = 4.9742, nll_loss = 4.9115, hneg_nll_loss = 5.0369, ivc_loss = 0.0882, neg_loss = 0.0056, hneg_loss = 0.0345, push_loss = 0.6374, pull_loss = 0.0010, 0.607 seconds/batch
2026-06-03 10:35:40,932 - Epoch 4, Batch 1050, lr = 0.00012, final_loss = 4.9090, nll_loss = 4.8441, hneg_nll_loss = 4.9739, ivc_loss = 0.0779, neg_loss = 0.0040, hneg_loss = 0.0320, push_loss = 0.6552, pull_loss = 0.0009, 0.612 seconds/batch
2026-06-03 10:36:15,828 - Epoch 4, Batch 1100, lr = 0.00012, final_loss = 4.9076, nll_loss = 4.8462, hneg_nll_loss = 4.9690, ivc_loss = 0.0833, neg_loss = 0.0040, hneg_loss = 0.0343, push_loss = 0.6193, pull_loss = 0.0009, 0.616 seconds/batch
2026-06-03 10:36:50,804 - Epoch 4, Batch 1150, lr = 0.00012, final_loss = 4.8952, nll_loss = 4.8368, hneg_nll_loss = 4.9537, ivc_loss = 0.1599, neg_loss = 0.0249, hneg_loss = 0.0341, push_loss = 0.4471, pull_loss = 0.0089, 0.619 seconds/batch
2026-06-03 10:37:04,623 - Epoch 4, Batch 1170, lr = 0.00012, final_loss = 4.9745, nll_loss = 4.9093, hneg_nll_loss = 5.0398, ivc_loss = 0.1034, neg_loss = 0.0079, hneg_loss = 0.0327, push_loss = 0.5074, pull_loss = 0.0041, 0.620 seconds/batch
2026-06-03 10:37:04,760 - save model to ./checkpoints/activitynet/exp-activitynet_exp02_2026-06-03_09-44-16/model-4.pt, num_updates 4680.
2026-06-03 10:41:10,683 - | Rank1,mIoU 0.1510 | Rank1,IoU@0.1 0.4316 | Rank1,IoU@0.3 0.2270 | Rank1,IoU@0.5 0.0735 | Rank5,mIoU 0.4430 | Rank5,IoU@0.1 0.9476 | Rank5,IoU@0.3 0.7495 | Rank5,IoU@0.5 0.3712 |
2026-06-03 10:41:10,684 - ============================================================
2026-06-03 10:41:10,684 - Start Epoch 5
2026-06-03 10:41:38,926 - Epoch 5, Batch 50, lr = 0.00012, final_loss = 4.8933, nll_loss = 4.8286, hneg_nll_loss = 4.9581, ivc_loss = 0.0854, neg_loss = 0.0048, hneg_loss = 0.0318, push_loss = 0.5376, pull_loss = 0.0021, 0.565 seconds/batch
2026-06-03 10:42:06,902 - Epoch 5, Batch 100, lr = 0.00012, final_loss = 4.8707, nll_loss = 4.8031, hneg_nll_loss = 4.9384, ivc_loss = 0.0797, neg_loss = 0.0046, hneg_loss = 0.0307, push_loss = 0.5949, pull_loss = 0.0015, 0.562 seconds/batch
2026-06-03 10:42:40,050 - Epoch 5, Batch 150, lr = 0.00012, final_loss = 4.8758, nll_loss = 4.8144, hneg_nll_loss = 4.9371, ivc_loss = 0.0817, neg_loss = 0.0031, hneg_loss = 0.0345, push_loss = 0.6365, pull_loss = 0.0009, 0.596 seconds/batch
2026-06-03 10:43:15,016 - Epoch 5, Batch 200, lr = 0.00011, final_loss = 4.9163, nll_loss = 4.8542, hneg_nll_loss = 4.9785, ivc_loss = 0.0864, neg_loss = 0.0063, hneg_loss = 0.0336, push_loss = 0.5885, pull_loss = 0.0009, 0.622 seconds/batch
2026-06-03 10:43:49,897 - Epoch 5, Batch 250, lr = 0.00011, final_loss = 4.8905, nll_loss = 4.8240, hneg_nll_loss = 4.9570, ivc_loss = 0.0794, neg_loss = 0.0042, hneg_loss = 0.0321, push_loss = 0.5653, pull_loss = 0.0009, 0.637 seconds/batch
2026-06-03 10:44:24,952 - Epoch 5, Batch 300, lr = 0.00011, final_loss = 4.8751, nll_loss = 4.8111, hneg_nll_loss = 4.9391, ivc_loss = 0.0793, neg_loss = 0.0043, hneg_loss = 0.0317, push_loss = 0.5984, pull_loss = 0.0009, 0.648 seconds/batch
2026-06-03 10:44:55,236 - Epoch 5, Batch 350, lr = 0.00011, final_loss = 4.8442, nll_loss = 4.7841, hneg_nll_loss = 4.9043, ivc_loss = 0.0899, neg_loss = 0.0052, hneg_loss = 0.0364, push_loss = 0.6180, pull_loss = 0.0008, 0.642 seconds/batch
2026-06-03 10:45:23,179 - Epoch 5, Batch 400, lr = 0.00011, final_loss = 4.8561, nll_loss = 4.7918, hneg_nll_loss = 4.9203, ivc_loss = 0.0775, neg_loss = 0.0046, hneg_loss = 0.0309, push_loss = 0.6274, pull_loss = 0.0008, 0.631 seconds/batch
2026-06-03 10:45:51,133 - Epoch 5, Batch 450, lr = 0.00011, final_loss = 4.8904, nll_loss = 4.8272, hneg_nll_loss = 4.9537, ivc_loss = 0.0817, neg_loss = 0.0040, hneg_loss = 0.0336, push_loss = 0.6136, pull_loss = 0.0007, 0.623 seconds/batch
2026-06-03 10:46:19,051 - Epoch 5, Batch 500, lr = 0.00011, final_loss = 4.8671, nll_loss = 4.8025, hneg_nll_loss = 4.9317, ivc_loss = 0.0772, neg_loss = 0.0032, hneg_loss = 0.0324, push_loss = 0.6098, pull_loss = 0.0007, 0.617 seconds/batch
2026-06-03 10:46:47,091 - Epoch 5, Batch 550, lr = 0.00011, final_loss = 4.8623, nll_loss = 4.7960, hneg_nll_loss = 4.9286, ivc_loss = 0.0772, neg_loss = 0.0037, hneg_loss = 0.0320, push_loss = 0.6178, pull_loss = 0.0007, 0.612 seconds/batch
2026-06-03 10:47:15,076 - Epoch 5, Batch 600, lr = 0.00011, final_loss = 4.8528, nll_loss = 4.7900, hneg_nll_loss = 4.9156, ivc_loss = 0.0832, neg_loss = 0.0035, hneg_loss = 0.0348, push_loss = 0.6535, pull_loss = 0.0007, 0.607 seconds/batch
2026-06-03 10:47:43,085 - Epoch 5, Batch 650, lr = 0.00011, final_loss = 4.8800, nll_loss = 4.8156, hneg_nll_loss = 4.9444, ivc_loss = 0.0796, neg_loss = 0.0031, hneg_loss = 0.0333, push_loss = 0.6426, pull_loss = 0.0007, 0.604 seconds/batch
2026-06-03 10:48:11,120 - Epoch 5, Batch 700, lr = 0.00011, final_loss = 4.8780, nll_loss = 4.8134, hneg_nll_loss = 4.9427, ivc_loss = 0.0767, neg_loss = 0.0025, hneg_loss = 0.0324, push_loss = 0.6371, pull_loss = 0.0007, 0.601 seconds/batch
2026-06-03 10:48:39,110 - Epoch 5, Batch 750, lr = 0.00011, final_loss = 4.8604, nll_loss = 4.7936, hneg_nll_loss = 4.9271, ivc_loss = 0.0783, neg_loss = 0.0044, hneg_loss = 0.0318, push_loss = 0.6379, pull_loss = 0.0006, 0.598 seconds/batch
2026-06-03 10:49:07,062 - Epoch 5, Batch 800, lr = 0.00011, final_loss = 4.8596, nll_loss = 4.7948, hneg_nll_loss = 4.9244, ivc_loss = 0.0764, neg_loss = 0.0038, hneg_loss = 0.0316, push_loss = 0.6045, pull_loss = 0.0005, 0.595 seconds/batch
2026-06-03 10:49:35,251 - Epoch 5, Batch 850, lr = 0.00011, final_loss = 4.8416, nll_loss = 4.7764, hneg_nll_loss = 4.9067, ivc_loss = 0.0762, neg_loss = 0.0030, hneg_loss = 0.0319, push_loss = 0.5893, pull_loss = 0.0005, 0.594 seconds/batch
2026-06-03 10:50:09,563 - Epoch 5, Batch 900, lr = 0.00011, final_loss = 4.8285, nll_loss = 4.7620, hneg_nll_loss = 4.8949, ivc_loss = 0.0757, neg_loss = 0.0035, hneg_loss = 0.0314, push_loss = 0.5971, pull_loss = 0.0005, 0.599 seconds/batch
2026-06-03 10:50:43,867 - Epoch 5, Batch 950, lr = 0.00011, final_loss = 4.8266, nll_loss = 4.7605, hneg_nll_loss = 4.8927, ivc_loss = 0.0727, neg_loss = 0.0023, hneg_loss = 0.0312, push_loss = 0.6316, pull_loss = 0.0005, 0.603 seconds/batch
2026-06-03 10:51:18,703 - Epoch 5, Batch 1000, lr = 0.00011, final_loss = 4.8679, nll_loss = 4.8011, hneg_nll_loss = 4.9346, ivc_loss = 0.0736, neg_loss = 0.0028, hneg_loss = 0.0311, push_loss = 0.6805, pull_loss = 0.0005, 0.608 seconds/batch
2026-06-03 10:51:53,029 - Epoch 5, Batch 1050, lr = 0.00011, final_loss = 4.8202, nll_loss = 4.7568, hneg_nll_loss = 4.8836, ivc_loss = 0.0802, neg_loss = 0.0046, hneg_loss = 0.0328, push_loss = 0.6258, pull_loss = 0.0006, 0.612 seconds/batch
2026-06-03 10:52:27,319 - Epoch 5, Batch 1100, lr = 0.00011, final_loss = 4.8023, nll_loss = 4.7387, hneg_nll_loss = 4.8658, ivc_loss = 0.0791, neg_loss = 0.0034, hneg_loss = 0.0332, push_loss = 0.5950, pull_loss = 0.0005, 0.615 seconds/batch
2026-06-03 10:53:02,097 - Epoch 5, Batch 1150, lr = 0.00010, final_loss = 4.8012, nll_loss = 4.7379, hneg_nll_loss = 4.8644, ivc_loss = 0.0733, neg_loss = 0.0023, hneg_loss = 0.0316, push_loss = 0.6119, pull_loss = 0.0005, 0.619 seconds/batch
2026-06-03 10:53:15,966 - Epoch 5, Batch 1170, lr = 0.00010, final_loss = 4.8341, nll_loss = 4.7726, hneg_nll_loss = 4.8955, ivc_loss = 0.0735, neg_loss = 0.0011, hneg_loss = 0.0328, push_loss = 0.6012, pull_loss = 0.0005, 0.620 seconds/batch
2026-06-03 10:53:16,100 - save model to ./checkpoints/activitynet/exp-activitynet_exp02_2026-06-03_09-44-16/model-5.pt, num_updates 5850.
2026-06-03 10:57:22,282 - | Rank1,mIoU 0.1497 | Rank1,IoU@0.1 0.4232 | Rank1,IoU@0.3 0.1966 | Rank1,IoU@0.5 0.0973 | Rank5,mIoU 0.4312 | Rank5,IoU@0.1 0.9642 | Rank5,IoU@0.3 0.7058 | Rank5,IoU@0.5 0.3304 |
2026-06-03 10:57:22,282 - ============================================================
2026-06-03 10:57:22,283 - Start Epoch 6
2026-06-03 10:57:50,356 - Epoch 6, Batch 50, lr = 0.00010, final_loss = 4.8036, nll_loss = 4.7351, hneg_nll_loss = 4.8721, ivc_loss = 0.0725, neg_loss = 0.0035, hneg_loss = 0.0292, push_loss = 0.5389, pull_loss = 0.0004, 0.561 seconds/batch
2026-06-03 10:58:18,107 - Epoch 6, Batch 100, lr = 0.00010, final_loss = 4.7823, nll_loss = 4.7163, hneg_nll_loss = 4.8484, ivc_loss = 0.0729, neg_loss = 0.0016, hneg_loss = 0.0314, push_loss = 0.5670, pull_loss = 0.0005, 0.558 seconds/batch
2026-06-03 10:58:51,454 - Epoch 6, Batch 150, lr = 0.00010, final_loss = 4.7999, nll_loss = 4.7314, hneg_nll_loss = 4.8684, ivc_loss = 0.0708, neg_loss = 0.0032, hneg_loss = 0.0292, push_loss = 0.6148, pull_loss = 0.0006, 0.594 seconds/batch
2026-06-03 10:59:25,869 - Epoch 6, Batch 200, lr = 0.00010, final_loss = 4.7833, nll_loss = 4.7163, hneg_nll_loss = 4.8504, ivc_loss = 0.0685, neg_loss = 0.0025, hneg_loss = 0.0288, push_loss = 0.5921, pull_loss = 0.0005, 0.618 seconds/batch
2026-06-03 11:00:00,309 - Epoch 6, Batch 250, lr = 0.00010, final_loss = 4.7941, nll_loss = 4.7265, hneg_nll_loss = 4.8616, ivc_loss = 0.0740, neg_loss = 0.0035, hneg_loss = 0.0308, push_loss = 0.6093, pull_loss = 0.0005, 0.632 seconds/batch
2026-06-03 11:00:34,651 - Epoch 6, Batch 300, lr = 0.00010, final_loss = 4.7796, nll_loss = 4.7107, hneg_nll_loss = 4.8486, ivc_loss = 0.0720, neg_loss = 0.0024, hneg_loss = 0.0305, push_loss = 0.6139, pull_loss = 0.0005, 0.641 seconds/batch
2026-06-03 11:01:04,339 - Epoch 6, Batch 350, lr = 0.00010, final_loss = 4.7969, nll_loss = 4.7277, hneg_nll_loss = 4.8661, ivc_loss = 0.0732, neg_loss = 0.0023, hneg_loss = 0.0310, push_loss = 0.6372, pull_loss = 0.0007, 0.634 seconds/batch
2026-06-03 11:01:32,262 - Epoch 6, Batch 400, lr = 0.00010, final_loss = 4.8047, nll_loss = 4.7383, hneg_nll_loss = 4.8711, ivc_loss = 0.0758, neg_loss = 0.0025, hneg_loss = 0.0322, push_loss = 0.6067, pull_loss = 0.0005, 0.625 seconds/batch
2026-06-03 11:02:00,210 - Epoch 6, Batch 450, lr = 0.00010, final_loss = 4.7919, nll_loss = 4.7237, hneg_nll_loss = 4.8601, ivc_loss = 0.0699, neg_loss = 0.0024, hneg_loss = 0.0294, push_loss = 0.5630, pull_loss = 0.0005, 0.618 seconds/batch
2026-06-03 11:02:28,162 - Epoch 6, Batch 500, lr = 0.00010, final_loss = 4.7713, nll_loss = 4.7039, hneg_nll_loss = 4.8387, ivc_loss = 0.0713, neg_loss = 0.0018, hneg_loss = 0.0303, push_loss = 0.5511, pull_loss = 0.0005, 0.612 seconds/batch
2026-06-03 11:02:56,163 - Epoch 6, Batch 550, lr = 0.00010, final_loss = 4.7810, nll_loss = 4.7133, hneg_nll_loss = 4.8487, ivc_loss = 0.0685, neg_loss = 0.0015, hneg_loss = 0.0296, push_loss = 0.5535, pull_loss = 0.0005, 0.607 seconds/batch
2026-06-03 11:03:24,108 - Epoch 6, Batch 600, lr = 0.00010, final_loss = 4.8135, nll_loss = 4.7458, hneg_nll_loss = 4.8812, ivc_loss = 0.0736, neg_loss = 0.0024, hneg_loss = 0.0314, push_loss = 0.5639, pull_loss = 0.0006, 0.603 seconds/batch
2026-06-03 11:03:52,087 - Epoch 6, Batch 650, lr = 0.00010, final_loss = 4.7721, nll_loss = 4.7019, hneg_nll_loss = 4.8422, ivc_loss = 0.0671, neg_loss = 0.0016, hneg_loss = 0.0294, push_loss = 0.6546, pull_loss = 0.0005, 0.600 seconds/batch
2026-06-03 11:04:20,035 - Epoch 6, Batch 700, lr = 0.00010, final_loss = 4.8060, nll_loss = 4.7366, hneg_nll_loss = 4.8753, ivc_loss = 0.0666, neg_loss = 0.0013, hneg_loss = 0.0293, push_loss = 0.5972, pull_loss = 0.0005, 0.597 seconds/batch
2026-06-03 11:04:48,055 - Epoch 6, Batch 750, lr = 0.00010, final_loss = 4.7904, nll_loss = 4.7229, hneg_nll_loss = 4.8578, ivc_loss = 0.0672, neg_loss = 0.0020, hneg_loss = 0.0289, push_loss = 0.5941, pull_loss = 0.0004, 0.594 seconds/batch
2026-06-03 11:05:16,068 - Epoch 6, Batch 800, lr = 0.00010, final_loss = 4.8100, nll_loss = 4.7400, hneg_nll_loss = 4.8799, ivc_loss = 0.0650, neg_loss = 0.0015, hneg_loss = 0.0282, push_loss = 0.5889, pull_loss = 0.0005, 0.592 seconds/batch
2026-06-03 11:05:44,382 - Epoch 6, Batch 850, lr = 0.00010, final_loss = 4.7482, nll_loss = 4.6798, hneg_nll_loss = 4.8166, ivc_loss = 0.0626, neg_loss = 0.0017, hneg_loss = 0.0266, push_loss = 0.5698, pull_loss = 0.0004, 0.591 seconds/batch
2026-06-03 11:06:18,699 - Epoch 6, Batch 900, lr = 0.00010, final_loss = 4.7773, nll_loss = 4.7093, hneg_nll_loss = 4.8452, ivc_loss = 0.0693, neg_loss = 0.0015, hneg_loss = 0.0305, push_loss = 0.6068, pull_loss = 0.0004, 0.596 seconds/batch
2026-06-03 11:06:53,019 - Epoch 6, Batch 950, lr = 0.00010, final_loss = 4.7579, nll_loss = 4.6910, hneg_nll_loss = 4.8248, ivc_loss = 0.0708, neg_loss = 0.0021, hneg_loss = 0.0303, push_loss = 0.5682, pull_loss = 0.0006, 0.601 seconds/batch
2026-06-03 11:07:27,269 - Epoch 6, Batch 1000, lr = 0.00010, final_loss = 4.7995, nll_loss = 4.7278, hneg_nll_loss = 4.8711, ivc_loss = 0.0646, neg_loss = 0.0013, hneg_loss = 0.0280, push_loss = 0.5546, pull_loss = 0.0004, 0.605 seconds/batch
2026-06-03 11:08:02,277 - Epoch 6, Batch 1050, lr = 0.00010, final_loss = 4.7735, nll_loss = 4.7047, hneg_nll_loss = 4.8424, ivc_loss = 0.0666, neg_loss = 0.0015, hneg_loss = 0.0292, push_loss = 0.6248, pull_loss = 0.0004, 0.610 seconds/batch
2026-06-03 11:08:37,029 - Epoch 6, Batch 1100, lr = 0.00010, final_loss = 4.8064, nll_loss = 4.7356, hneg_nll_loss = 4.8772, ivc_loss = 0.0628, neg_loss = 0.0007, hneg_loss = 0.0280, push_loss = 0.6153, pull_loss = 0.0005, 0.613 seconds/batch
2026-06-03 11:09:11,989 - Epoch 6, Batch 1150, lr = 0.00010, final_loss = 4.7740, nll_loss = 4.7044, hneg_nll_loss = 4.8437, ivc_loss = 0.0673, neg_loss = 0.0020, hneg_loss = 0.0287, push_loss = 0.5993, pull_loss = 0.0005, 0.617 seconds/batch
2026-06-03 11:09:25,747 - Epoch 6, Batch 1170, lr = 0.00010, final_loss = 4.7390, nll_loss = 4.6754, hneg_nll_loss = 4.8026, ivc_loss = 0.0731, neg_loss = 0.0030, hneg_loss = 0.0307, push_loss = 0.5906, pull_loss = 0.0005, 0.618 seconds/batch
2026-06-03 11:09:25,882 - save model to ./checkpoints/activitynet/exp-activitynet_exp02_2026-06-03_09-44-16/model-6.pt, num_updates 7020.
2026-06-03 11:13:31,886 - | Rank1,mIoU 0.1496 | Rank1,IoU@0.1 0.4546 | Rank1,IoU@0.3 0.2035 | Rank1,IoU@0.5 0.0671 | Rank5,mIoU 0.4209 | Rank5,IoU@0.1 0.9641 | Rank5,IoU@0.3 0.7051 | Rank5,IoU@0.5 0.3006 |
2026-06-03 11:13:31,887 - ============================================================
2026-06-03 11:13:31,887 - Start Epoch 7
2026-06-03 11:14:00,141 - Epoch 7, Batch 50, lr = 0.00010, final_loss = 4.7327, nll_loss = 4.6609, hneg_nll_loss = 4.8044, ivc_loss = 0.0651, neg_loss = 0.0027, hneg_loss = 0.0270, push_loss = 0.6038, pull_loss = 0.0005, 0.565 seconds/batch
2026-06-03 11:14:28,064 - Epoch 7, Batch 100, lr = 0.00009, final_loss = 4.7192, nll_loss = 4.6474, hneg_nll_loss = 4.7911, ivc_loss = 0.0675, neg_loss = 0.0021, hneg_loss = 0.0290, push_loss = 0.6374, pull_loss = 0.0005, 0.562 seconds/batch
2026-06-03 11:15:01,357 - Epoch 7, Batch 150, lr = 0.00009, final_loss = 4.7585, nll_loss = 4.6871, hneg_nll_loss = 4.8300, ivc_loss = 0.0651, neg_loss = 0.0023, hneg_loss = 0.0276, push_loss = 0.6550, pull_loss = 0.0005, 0.596 seconds/batch
2026-06-03 11:15:35,677 - Epoch 7, Batch 200, lr = 0.00009, final_loss = 4.7188, nll_loss = 4.6451, hneg_nll_loss = 4.7925, ivc_loss = 0.0620, neg_loss = 0.0025, hneg_loss = 0.0259, push_loss = 0.6535, pull_loss = 0.0005, 0.619 seconds/batch
2026-06-03 11:16:10,413 - Epoch 7, Batch 250, lr = 0.00009, final_loss = 4.7619, nll_loss = 4.6907, hneg_nll_loss = 4.8330, ivc_loss = 0.0653, neg_loss = 0.0015, hneg_loss = 0.0283, push_loss = 0.5979, pull_loss = 0.0005, 0.634 seconds/batch
2026-06-03 11:16:45,407 - Epoch 7, Batch 300, lr = 0.00009, final_loss = 4.7359, nll_loss = 4.6665, hneg_nll_loss = 4.8053, ivc_loss = 0.0628, neg_loss = 0.0013, hneg_loss = 0.0271, push_loss = 0.5733, pull_loss = 0.0004, 0.645 seconds/batch
2026-06-03 11:17:15,561 - Epoch 7, Batch 350, lr = 0.00009, final_loss = 4.7410, nll_loss = 4.6666, hneg_nll_loss = 4.8154, ivc_loss = 0.0619, neg_loss = 0.0011, hneg_loss = 0.0266, push_loss = 0.5768, pull_loss = 0.0004, 0.639 seconds/batch
2026-06-03 11:17:43,603 - Epoch 7, Batch 400, lr = 0.00009, final_loss = 4.7324, nll_loss = 4.6595, hneg_nll_loss = 4.8053, ivc_loss = 0.0601, neg_loss = 0.0012, hneg_loss = 0.0262, push_loss = 0.6014, pull_loss = 0.0005, 0.629 seconds/batch
2026-06-03 11:18:11,596 - Epoch 7, Batch 450, lr = 0.00009, final_loss = 4.7154, nll_loss = 4.6444, hneg_nll_loss = 4.7865, ivc_loss = 0.0614, neg_loss = 0.0010, hneg_loss = 0.0271, push_loss = 0.6315, pull_loss = 0.0004, 0.622 seconds/batch
2026-06-03 11:18:39,569 - Epoch 7, Batch 500, lr = 0.00009, final_loss = 4.7143, nll_loss = 4.6456, hneg_nll_loss = 4.7830, ivc_loss = 0.0644, neg_loss = 0.0007, hneg_loss = 0.0290, push_loss = 0.6479, pull_loss = 0.0004, 0.615 seconds/batch
2026-06-03 11:19:07,528 - Epoch 7, Batch 550, lr = 0.00009, final_loss = 4.7231, nll_loss = 4.6463, hneg_nll_loss = 4.8000, ivc_loss = 0.0556, neg_loss = 0.0011, hneg_loss = 0.0239, push_loss = 0.6476, pull_loss = 0.0004, 0.610 seconds/batch
2026-06-03 11:19:35,484 - Epoch 7, Batch 600, lr = 0.00009, final_loss = 4.7677, nll_loss = 4.6931, hneg_nll_loss = 4.8424, ivc_loss = 0.0621, neg_loss = 0.0015, hneg_loss = 0.0268, push_loss = 0.6262, pull_loss = 0.0004, 0.606 seconds/batch
2026-06-03 11:20:03,531 - Epoch 7, Batch 650, lr = 0.00009, final_loss = 4.7357, nll_loss = 4.6647, hneg_nll_loss = 4.8067, ivc_loss = 0.0615, neg_loss = 0.0006, hneg_loss = 0.0276, push_loss = 0.6400, pull_loss = 0.0005, 0.603 seconds/batch
2026-06-03 11:20:31,534 - Epoch 7, Batch 700, lr = 0.00009, final_loss = 4.7559, nll_loss = 4.6797, hneg_nll_loss = 4.8321, ivc_loss = 0.0575, neg_loss = 0.0014, hneg_loss = 0.0248, push_loss = 0.6481, pull_loss = 0.0004, 0.599 seconds/batch
2026-06-03 11:20:59,442 - Epoch 7, Batch 750, lr = 0.00009, final_loss = 4.7562, nll_loss = 4.6807, hneg_nll_loss = 4.8316, ivc_loss = 0.0576, neg_loss = 0.0014, hneg_loss = 0.0247, push_loss = 0.6548, pull_loss = 0.0004, 0.597 seconds/batch
2026-06-03 11:21:27,447 - Epoch 7, Batch 800, lr = 0.00009, final_loss = 4.7259, nll_loss = 4.6511, hneg_nll_loss = 4.8008, ivc_loss = 0.0594, neg_loss = 0.0025, hneg_loss = 0.0246, push_loss = 0.6460, pull_loss = 0.0004, 0.594 seconds/batch
2026-06-03 11:21:55,700 - Epoch 7, Batch 850, lr = 0.00009, final_loss = 4.7422, nll_loss = 4.6686, hneg_nll_loss = 4.8157, ivc_loss = 0.0607, neg_loss = 0.0013, hneg_loss = 0.0263, push_loss = 0.6093, pull_loss = 0.0004, 0.593 seconds/batch
2026-06-03 11:22:30,017 - Epoch 7, Batch 900, lr = 0.00009, final_loss = 4.7247, nll_loss = 4.6460, hneg_nll_loss = 4.8034, ivc_loss = 0.0540, neg_loss = 0.0016, hneg_loss = 0.0229, push_loss = 0.6277, pull_loss = 0.0004, 0.598 seconds/batch
2026-06-03 11:23:04,320 - Epoch 7, Batch 950, lr = 0.00009, final_loss = 4.7214, nll_loss = 4.6490, hneg_nll_loss = 4.7938, ivc_loss = 0.0627, neg_loss = 0.0016, hneg_loss = 0.0272, push_loss = 0.6749, pull_loss = 0.0004, 0.603 seconds/batch
2026-06-03 11:23:38,707 - Epoch 7, Batch 1000, lr = 0.00009, final_loss = 4.7284, nll_loss = 4.6574, hneg_nll_loss = 4.7994, ivc_loss = 0.0625, neg_loss = 0.0015, hneg_loss = 0.0272, push_loss = 0.6427, pull_loss = 0.0004, 0.607 seconds/batch
2026-06-03 11:24:13,673 - Epoch 7, Batch 1050, lr = 0.00009, final_loss = 4.7513, nll_loss = 4.6748, hneg_nll_loss = 4.8278, ivc_loss = 0.0627, neg_loss = 0.0045, hneg_loss = 0.0239, push_loss = 0.5853, pull_loss = 0.0004, 0.611 seconds/batch
2026-06-03 11:24:48,544 - Epoch 7, Batch 1100, lr = 0.00009, final_loss = 4.7118, nll_loss = 4.6357, hneg_nll_loss = 4.7879, ivc_loss = 0.0612, neg_loss = 0.0028, hneg_loss = 0.0253, push_loss = 0.6572, pull_loss = 0.0005, 0.615 seconds/batch
2026-06-03 11:25:23,514 - Epoch 7, Batch 1150, lr = 0.00009, final_loss = 4.6852, nll_loss = 4.6118, hneg_nll_loss = 4.7587, ivc_loss = 0.0584, neg_loss = 0.0013, hneg_loss = 0.0254, push_loss = 0.6525, pull_loss = 0.0004, 0.619 seconds/batch
2026-06-03 11:25:37,245 - Epoch 7, Batch 1170, lr = 0.00009, final_loss = 4.6895, nll_loss = 4.6100, hneg_nll_loss = 4.7690, ivc_loss = 0.0527, neg_loss = 0.0015, hneg_loss = 0.0224, push_loss = 0.6134, pull_loss = 0.0004, 0.620 seconds/batch
2026-06-03 11:25:37,380 - save model to ./checkpoints/activitynet/exp-activitynet_exp02_2026-06-03_09-44-16/model-7.pt, num_updates 8190.
2026-06-03 11:29:44,119 - | Rank1,mIoU 0.1468 | Rank1,IoU@0.1 0.4476 | Rank1,IoU@0.3 0.2015 | Rank1,IoU@0.5 0.0689 | Rank5,mIoU 0.4020 | Rank5,IoU@0.1 0.9590 | Rank5,IoU@0.3 0.6875 | Rank5,IoU@0.5 0.2710 |
2026-06-03 11:29:44,120 - ============================================================
2026-06-03 11:29:44,120 - Start Epoch 8
2026-06-03 11:30:12,571 - Epoch 8, Batch 50, lr = 0.00009, final_loss = 4.6540, nll_loss = 4.5787, hneg_nll_loss = 4.7293, ivc_loss = 0.0582, neg_loss = 0.0009, hneg_loss = 0.0253, push_loss = 0.5794, pull_loss = 0.0004, 0.569 seconds/batch
2026-06-03 11:30:40,543 - Epoch 8, Batch 100, lr = 0.00009, final_loss = 4.6830, nll_loss = 4.6090, hneg_nll_loss = 4.7570, ivc_loss = 0.0579, neg_loss = 0.0009, hneg_loss = 0.0252, push_loss = 0.5975, pull_loss = 0.0004, 0.564 seconds/batch
2026-06-03 11:31:14,065 - Epoch 8, Batch 150, lr = 0.00009, final_loss = 4.6816, nll_loss = 4.6039, hneg_nll_loss = 4.7593, ivc_loss = 0.0494, neg_loss = 0.0006, hneg_loss = 0.0215, push_loss = 0.6163, pull_loss = 0.0003, 0.600 seconds/batch
2026-06-03 11:31:49,199 - Epoch 8, Batch 200, lr = 0.00009, final_loss = 4.6765, nll_loss = 4.6010, hneg_nll_loss = 4.7520, ivc_loss = 0.0592, neg_loss = 0.0012, hneg_loss = 0.0257, push_loss = 0.6092, pull_loss = 0.0004, 0.625 seconds/batch
2026-06-03 11:32:24,330 - Epoch 8, Batch 250, lr = 0.00009, final_loss = 4.6839, nll_loss = 4.6107, hneg_nll_loss = 4.7570, ivc_loss = 0.0601, neg_loss = 0.0007, hneg_loss = 0.0269, push_loss = 0.6407, pull_loss = 0.0004, 0.641 seconds/batch
2026-06-03 11:32:59,431 - Epoch 8, Batch 300, lr = 0.00009, final_loss = 4.7320, nll_loss = 4.6536, hneg_nll_loss = 4.8103, ivc_loss = 0.0537, neg_loss = 0.0002, hneg_loss = 0.0240, push_loss = 0.6266, pull_loss = 0.0003, 0.651 seconds/batch
2026-06-03 11:33:28,913 - Epoch 8, Batch 350, lr = 0.00009, final_loss = 4.6843, nll_loss = 4.6097, hneg_nll_loss = 4.7590, ivc_loss = 0.0568, neg_loss = 0.0007, hneg_loss = 0.0250, push_loss = 0.6290, pull_loss = 0.0004, 0.642 seconds/batch
2026-06-03 11:33:56,863 - Epoch 8, Batch 400, lr = 0.00009, final_loss = 4.6874, nll_loss = 4.6074, hneg_nll_loss = 4.7674, ivc_loss = 0.0562, neg_loss = 0.0014, hneg_loss = 0.0235, push_loss = 0.5938, pull_loss = 0.0004, 0.632 seconds/batch
2026-06-03 11:34:24,808 - Epoch 8, Batch 450, lr = 0.00009, final_loss = 4.6760, nll_loss = 4.6032, hneg_nll_loss = 4.7488, ivc_loss = 0.0587, neg_loss = 0.0011, hneg_loss = 0.0250, push_loss = 0.6148, pull_loss = 0.0005, 0.624 seconds/batch
2026-06-03 11:34:52,773 - Epoch 8, Batch 500, lr = 0.00009, final_loss = 4.6992, nll_loss = 4.6225, hneg_nll_loss = 4.7758, ivc_loss = 0.0549, neg_loss = 0.0007, hneg_loss = 0.0241, push_loss = 0.6359, pull_loss = 0.0004, 0.617 seconds/batch
2026-06-03 11:35:20,702 - Epoch 8, Batch 550, lr = 0.00009, final_loss = 4.7139, nll_loss = 4.6356, hneg_nll_loss = 4.7922, ivc_loss = 0.0552, neg_loss = 0.0009, hneg_loss = 0.0239, push_loss = 0.6242, pull_loss = 0.0004, 0.612 seconds/batch
2026-06-03 11:35:48,657 - Epoch 8, Batch 600, lr = 0.00009, final_loss = 4.6534, nll_loss = 4.5792, hneg_nll_loss = 4.7275, ivc_loss = 0.0581, neg_loss = 0.0006, hneg_loss = 0.0256, push_loss = 0.6213, pull_loss = 0.0004, 0.608 seconds/batch
2026-06-03 11:36:16,591 - Epoch 8, Batch 650, lr = 0.00009, final_loss = 4.6758, nll_loss = 4.6018, hneg_nll_loss = 4.7497, ivc_loss = 0.0601, neg_loss = 0.0008, hneg_loss = 0.0265, push_loss = 0.6644, pull_loss = 0.0005, 0.604 seconds/batch
2026-06-03 11:36:44,601 - Epoch 8, Batch 700, lr = 0.00008, final_loss = 4.7010, nll_loss = 4.6253, hneg_nll_loss = 4.7767, ivc_loss = 0.0553, neg_loss = 0.0010, hneg_loss = 0.0239, push_loss = 0.6178, pull_loss = 0.0004, 0.601 seconds/batch
2026-06-03 11:37:12,602 - Epoch 8, Batch 750, lr = 0.00008, final_loss = 4.7119, nll_loss = 4.6323, hneg_nll_loss = 4.7914, ivc_loss = 0.0528, neg_loss = 0.0007, hneg_loss = 0.0227, push_loss = 0.5870, pull_loss = 0.0004, 0.598 seconds/batch
2026-06-03 11:37:40,588 - Epoch 8, Batch 800, lr = 0.00008, final_loss = 4.6652, nll_loss = 4.5891, hneg_nll_loss = 4.7413, ivc_loss = 0.0555, neg_loss = 0.0006, hneg_loss = 0.0246, push_loss = 0.6567, pull_loss = 0.0004, 0.596 seconds/batch
2026-06-03 11:38:09,257 - Epoch 8, Batch 850, lr = 0.00008, final_loss = 4.6819, nll_loss = 4.6053, hneg_nll_loss = 4.7585, ivc_loss = 0.0547, neg_loss = 0.0007, hneg_loss = 0.0239, push_loss = 0.6079, pull_loss = 0.0003, 0.594 seconds/batch
2026-06-03 11:38:43,586 - Epoch 8, Batch 900, lr = 0.00008, final_loss = 4.7074, nll_loss = 4.6295, hneg_nll_loss = 4.7853, ivc_loss = 0.0539, neg_loss = 0.0007, hneg_loss = 0.0236, push_loss = 0.6281, pull_loss = 0.0004, 0.599 seconds/batch
2026-06-03 11:39:17,875 - Epoch 8, Batch 950, lr = 0.00008, final_loss = 4.6938, nll_loss = 4.6188, hneg_nll_loss = 4.7687, ivc_loss = 0.0570, neg_loss = 0.0010, hneg_loss = 0.0249, push_loss = 0.6646, pull_loss = 0.0004, 0.604 seconds/batch
2026-06-03 11:39:52,109 - Epoch 8, Batch 1000, lr = 0.00008, final_loss = 4.6626, nll_loss = 4.5876, hneg_nll_loss = 4.7375, ivc_loss = 0.0557, neg_loss = 0.0009, hneg_loss = 0.0241, push_loss = 0.6060, pull_loss = 0.0003, 0.608 seconds/batch
2026-06-03 11:40:26,273 - Epoch 8, Batch 1050, lr = 0.00008, final_loss = 4.6775, nll_loss = 4.6014, hneg_nll_loss = 4.7537, ivc_loss = 0.0536, neg_loss = 0.0011, hneg_loss = 0.0230, push_loss = 0.6350, pull_loss = 0.0004, 0.612 seconds/batch
2026-06-03 11:41:00,361 - Epoch 8, Batch 1100, lr = 0.00008, final_loss = 4.6460, nll_loss = 4.5673, hneg_nll_loss = 4.7248, ivc_loss = 0.0540, neg_loss = 0.0006, hneg_loss = 0.0234, push_loss = 0.6117, pull_loss = 0.0004, 0.615 seconds/batch
2026-06-03 11:41:34,396 - Epoch 8, Batch 1150, lr = 0.00008, final_loss = 4.6786, nll_loss = 4.5994, hneg_nll_loss = 4.7578, ivc_loss = 0.0542, neg_loss = 0.0007, hneg_loss = 0.0234, push_loss = 0.6094, pull_loss = 0.0004, 0.618 seconds/batch
2026-06-03 11:41:47,722 - Epoch 8, Batch 1170, lr = 0.00008, final_loss = 4.6716, nll_loss = 4.5952, hneg_nll_loss = 4.7479, ivc_loss = 0.0587, neg_loss = 0.0031, hneg_loss = 0.0232, push_loss = 0.6021, pull_loss = 0.0004, 0.618 seconds/batch
2026-06-03 11:41:47,857 - save model to ./checkpoints/activitynet/exp-activitynet_exp02_2026-06-03_09-44-16/model-8.pt, num_updates 9360.
2026-06-03 11:45:53,267 - | Rank1,mIoU 0.1447 | Rank1,IoU@0.1 0.4484 | Rank1,IoU@0.3 0.1981 | Rank1,IoU@0.5 0.0652 | Rank5,mIoU 0.3910 | Rank5,IoU@0.1 0.9523 | Rank5,IoU@0.3 0.6818 | Rank5,IoU@0.5 0.2520 |
2026-06-03 11:45:53,268 - ============================================================
2026-06-03 11:45:53,268 - Start Epoch 9
2026-06-03 11:46:21,358 - Epoch 9, Batch 50, lr = 0.00008, final_loss = 4.6410, nll_loss = 4.5641, hneg_nll_loss = 4.7179, ivc_loss = 0.0524, neg_loss = 0.0002, hneg_loss = 0.0230, push_loss = 0.5908, pull_loss = 0.0004, 0.562 seconds/batch
2026-06-03 11:46:48,869 - Epoch 9, Batch 100, lr = 0.00008, final_loss = 4.6427, nll_loss = 4.5642, hneg_nll_loss = 4.7211, ivc_loss = 0.0504, neg_loss = 0.0004, hneg_loss = 0.0215, push_loss = 0.5923, pull_loss = 0.0004, 0.556 seconds/batch
2026-06-03 11:47:22,069 - Epoch 9, Batch 150, lr = 0.00008, final_loss = 4.6632, nll_loss = 4.5843, hneg_nll_loss = 4.7421, ivc_loss = 0.0496, neg_loss = 0.0003, hneg_loss = 0.0217, push_loss = 0.6483, pull_loss = 0.0004, 0.592 seconds/batch
2026-06-03 11:47:56,074 - Epoch 9, Batch 200, lr = 0.00008, final_loss = 4.7058, nll_loss = 4.6253, hneg_nll_loss = 4.7863, ivc_loss = 0.0490, neg_loss = 0.0004, hneg_loss = 0.0210, push_loss = 0.6305, pull_loss = 0.0005, 0.614 seconds/batch
2026-06-03 11:48:30,092 - Epoch 9, Batch 250, lr = 0.00008, final_loss = 4.6777, nll_loss = 4.6006, hneg_nll_loss = 4.7548, ivc_loss = 0.0541, neg_loss = 0.0003, hneg_loss = 0.0237, push_loss = 0.6195, pull_loss = 0.0004, 0.627 seconds/batch
2026-06-03 11:49:04,088 - Epoch 9, Batch 300, lr = 0.00008, final_loss = 4.6465, nll_loss = 4.5669, hneg_nll_loss = 4.7262, ivc_loss = 0.0508, neg_loss = 0.0006, hneg_loss = 0.0216, push_loss = 0.5824, pull_loss = 0.0003, 0.636 seconds/batch
2026-06-03 11:49:33,068 - Epoch 9, Batch 350, lr = 0.00008, final_loss = 4.6556, nll_loss = 4.5762, hneg_nll_loss = 4.7350, ivc_loss = 0.0506, neg_loss = 0.0008, hneg_loss = 0.0215, push_loss = 0.5934, pull_loss = 0.0003, 0.628 seconds/batch
2026-06-03 11:50:00,868 - Epoch 9, Batch 400, lr = 0.00008, final_loss = 4.6158, nll_loss = 4.5337, hneg_nll_loss = 4.6979, ivc_loss = 0.0485, neg_loss = 0.0004, hneg_loss = 0.0211, push_loss = 0.6108, pull_loss = 0.0003, 0.619 seconds/batch
2026-06-03 11:50:28,601 - Epoch 9, Batch 450, lr = 0.00008, final_loss = 4.6044, nll_loss = 4.5267, hneg_nll_loss = 4.6821, ivc_loss = 0.0495, neg_loss = 0.0002, hneg_loss = 0.0217, push_loss = 0.6112, pull_loss = 0.0003, 0.612 seconds/batch
2026-06-03 11:50:56,441 - Epoch 9, Batch 500, lr = 0.00008, final_loss = 4.6253, nll_loss = 4.5472, hneg_nll_loss = 4.7034, ivc_loss = 0.0491, neg_loss = 0.0004, hneg_loss = 0.0215, push_loss = 0.6260, pull_loss = 0.0003, 0.606 seconds/batch
2026-06-03 11:51:24,210 - Epoch 9, Batch 550, lr = 0.00008, final_loss = 4.5877, nll_loss = 4.5094, hneg_nll_loss = 4.6661, ivc_loss = 0.0523, neg_loss = 0.0008, hneg_loss = 0.0226, push_loss = 0.6044, pull_loss = 0.0003, 0.602 seconds/batch
2026-06-03 11:51:51,980 - Epoch 9, Batch 600, lr = 0.00008, final_loss = 4.6575, nll_loss = 4.5775, hneg_nll_loss = 4.7374, ivc_loss = 0.0528, neg_loss = 0.0006, hneg_loss = 0.0231, push_loss = 0.6018, pull_loss = 0.0003, 0.598 seconds/batch
2026-06-03 11:52:19,795 - Epoch 9, Batch 650, lr = 0.00008, final_loss = 4.6652, nll_loss = 4.5865, hneg_nll_loss = 4.7439, ivc_loss = 0.0520, neg_loss = 0.0006, hneg_loss = 0.0226, push_loss = 0.6166, pull_loss = 0.0003, 0.595 seconds/batch
2026-06-03 11:52:47,595 - Epoch 9, Batch 700, lr = 0.00008, final_loss = 4.6234, nll_loss = 4.5387, hneg_nll_loss = 4.7082, ivc_loss = 0.0483, neg_loss = 0.0006, hneg_loss = 0.0208, push_loss = 0.6272, pull_loss = 0.0003, 0.592 seconds/batch
2026-06-03 11:53:15,369 - Epoch 9, Batch 750, lr = 0.00008, final_loss = 4.6463, nll_loss = 4.5677, hneg_nll_loss = 4.7250, ivc_loss = 0.0571, neg_loss = 0.0005, hneg_loss = 0.0249, push_loss = 0.5764, pull_loss = 0.0003, 0.589 seconds/batch
2026-06-03 11:53:43,117 - Epoch 9, Batch 800, lr = 0.00008, final_loss = 4.6209, nll_loss = 4.5427, hneg_nll_loss = 4.6991, ivc_loss = 0.0532, neg_loss = 0.0006, hneg_loss = 0.0228, push_loss = 0.5974, pull_loss = 0.0003, 0.587 seconds/batch
2026-06-03 11:54:11,582 - Epoch 9, Batch 850, lr = 0.00008, final_loss = 4.6236, nll_loss = 4.5428, hneg_nll_loss = 4.7043, ivc_loss = 0.0493, neg_loss = 0.0004, hneg_loss = 0.0215, push_loss = 0.6509, pull_loss = 0.0003, 0.586 seconds/batch
2026-06-03 11:54:45,608 - Epoch 9, Batch 900, lr = 0.00008, final_loss = 4.6171, nll_loss = 4.5372, hneg_nll_loss = 4.6970, ivc_loss = 0.0520, neg_loss = 0.0007, hneg_loss = 0.0225, push_loss = 0.6397, pull_loss = 0.0003, 0.591 seconds/batch
2026-06-03 11:55:19,572 - Epoch 9, Batch 950, lr = 0.00008, final_loss = 4.6633, nll_loss = 4.5844, hneg_nll_loss = 4.7422, ivc_loss = 0.0518, neg_loss = 0.0006, hneg_loss = 0.0221, push_loss = 0.5980, pull_loss = 0.0003, 0.596 seconds/batch
2026-06-03 11:55:53,673 - Epoch 9, Batch 1000, lr = 0.00008, final_loss = 4.6303, nll_loss = 4.5500, hneg_nll_loss = 4.7107, ivc_loss = 0.0506, neg_loss = 0.0005, hneg_loss = 0.0216, push_loss = 0.6142, pull_loss = 0.0004, 0.600 seconds/batch
2026-06-03 11:56:28,518 - Epoch 9, Batch 1050, lr = 0.00008, final_loss = 4.6401, nll_loss = 4.5606, hneg_nll_loss = 4.7196, ivc_loss = 0.0519, neg_loss = 0.0005, hneg_loss = 0.0225, push_loss = 0.6244, pull_loss = 0.0003, 0.605 seconds/batch
2026-06-03 11:57:03,132 - Epoch 9, Batch 1100, lr = 0.00008, final_loss = 4.6227, nll_loss = 4.5436, hneg_nll_loss = 4.7019, ivc_loss = 0.0503, neg_loss = 0.0005, hneg_loss = 0.0218, push_loss = 0.6260, pull_loss = 0.0003, 0.609 seconds/batch
2026-06-03 11:57:37,786 - Epoch 9, Batch 1150, lr = 0.00008, final_loss = 4.6646, nll_loss = 4.5862, hneg_nll_loss = 4.7431, ivc_loss = 0.0504, neg_loss = 0.0006, hneg_loss = 0.0218, push_loss = 0.6188, pull_loss = 0.0003, 0.613 seconds/batch
2026-06-03 11:57:51,357 - Epoch 9, Batch 1170, lr = 0.00008, final_loss = 4.6588, nll_loss = 4.5776, hneg_nll_loss = 4.7401, ivc_loss = 0.0520, neg_loss = 0.0010, hneg_loss = 0.0222, push_loss = 0.6121, pull_loss = 0.0003, 0.614 seconds/batch
2026-06-03 11:57:51,496 - save model to ./checkpoints/activitynet/exp-activitynet_exp02_2026-06-03_09-44-16/model-9.pt, num_updates 10530.
2026-06-03 12:01:56,211 - | Rank1,mIoU 0.1393 | Rank1,IoU@0.1 0.4464 | Rank1,IoU@0.3 0.1871 | Rank1,IoU@0.5 0.0608 | Rank5,mIoU 0.3738 | Rank5,IoU@0.1 0.9327 | Rank5,IoU@0.3 0.6482 | Rank5,IoU@0.5 0.2274 |
2026-06-03 12:01:56,211 - ============================================================
2026-06-03 12:01:56,212 - Start Epoch 10
2026-06-03 12:02:24,341 - Epoch 10, Batch 50, lr = 0.00008, final_loss = 4.5915, nll_loss = 4.5158, hneg_nll_loss = 4.6673, ivc_loss = 0.0527, neg_loss = 0.0001, hneg_loss = 0.0235, push_loss = 0.6038, pull_loss = 0.0003, 0.563 seconds/batch
2026-06-03 12:02:52,009 - Epoch 10, Batch 100, lr = 0.00008, final_loss = 4.6103, nll_loss = 4.5322, hneg_nll_loss = 4.6885, ivc_loss = 0.0536, neg_loss = 0.0006, hneg_loss = 0.0235, push_loss = 0.6029, pull_loss = 0.0003, 0.558 seconds/batch
2026-06-03 12:03:25,309 - Epoch 10, Batch 150, lr = 0.00008, final_loss = 4.5816, nll_loss = 4.4999, hneg_nll_loss = 4.6633, ivc_loss = 0.0473, neg_loss = 0.0008, hneg_loss = 0.0201, push_loss = 0.6184, pull_loss = 0.0003, 0.594 seconds/batch
2026-06-03 12:03:59,279 - Epoch 10, Batch 200, lr = 0.00008, final_loss = 4.5761, nll_loss = 4.4983, hneg_nll_loss = 4.6539, ivc_loss = 0.0514, neg_loss = 0.0007, hneg_loss = 0.0220, push_loss = 0.6047, pull_loss = 0.0003, 0.615 seconds/batch
2026-06-03 12:04:33,293 - Epoch 10, Batch 250, lr = 0.00008, final_loss = 4.6022, nll_loss = 4.5253, hneg_nll_loss = 4.6790, ivc_loss = 0.0515, neg_loss = 0.0001, hneg_loss = 0.0224, push_loss = 0.5758, pull_loss = 0.0003, 0.628 seconds/batch
2026-06-03 12:05:07,227 - Epoch 10, Batch 300, lr = 0.00008, final_loss = 4.5971, nll_loss = 4.5206, hneg_nll_loss = 4.6737, ivc_loss = 0.0546, neg_loss = 0.0007, hneg_loss = 0.0237, push_loss = 0.5702, pull_loss = 0.0002, 0.637 seconds/batch
2026-06-03 12:05:36,202 - Epoch 10, Batch 350, lr = 0.00008, final_loss = 4.5988, nll_loss = 4.5195, hneg_nll_loss = 4.6782, ivc_loss = 0.0512, neg_loss = 0.0004, hneg_loss = 0.0222, push_loss = 0.5787, pull_loss = 0.0002, 0.629 seconds/batch
2026-06-03 12:06:03,963 - Epoch 10, Batch 400, lr = 0.00008, final_loss = 4.6194, nll_loss = 4.5393, hneg_nll_loss = 4.6994, ivc_loss = 0.0503, neg_loss = 0.0004, hneg_loss = 0.0218, push_loss = 0.6030, pull_loss = 0.0002, 0.619 seconds/batch
2026-06-03 12:06:31,762 - Epoch 10, Batch 450, lr = 0.00008, final_loss = 4.6040, nll_loss = 4.5202, hneg_nll_loss = 4.6877, ivc_loss = 0.0474, neg_loss = 0.0008, hneg_loss = 0.0199, push_loss = 0.5656, pull_loss = 0.0003, 0.612 seconds/batch
2026-06-03 12:06:59,530 - Epoch 10, Batch 500, lr = 0.00008, final_loss = 4.6293, nll_loss = 4.5519, hneg_nll_loss = 4.7066, ivc_loss = 0.0541, neg_loss = 0.0011, hneg_loss = 0.0231, push_loss = 0.5938, pull_loss = 0.0003, 0.607 seconds/batch
2026-06-03 12:07:27,319 - Epoch 10, Batch 550, lr = 0.00008, final_loss = 4.6089, nll_loss = 4.5272, hneg_nll_loss = 4.6907, ivc_loss = 0.0490, neg_loss = 0.0008, hneg_loss = 0.0210, push_loss = 0.6055, pull_loss = 0.0003, 0.602 seconds/batch
2026-06-03 12:07:55,051 - Epoch 10, Batch 600, lr = 0.00008, final_loss = 4.6182, nll_loss = 4.5397, hneg_nll_loss = 4.6966, ivc_loss = 0.0523, neg_loss = 0.0007, hneg_loss = 0.0226, push_loss = 0.6028, pull_loss = 0.0003, 0.598 seconds/batch
2026-06-03 12:08:22,799 - Epoch 10, Batch 650, lr = 0.00008, final_loss = 4.6580, nll_loss = 4.5757, hneg_nll_loss = 4.7403, ivc_loss = 0.0493, neg_loss = 0.0008, hneg_loss = 0.0211, push_loss = 0.6347, pull_loss = 0.0003, 0.595 seconds/batch
2026-06-03 12:08:50,512 - Epoch 10, Batch 700, lr = 0.00008, final_loss = 4.5990, nll_loss = 4.5197, hneg_nll_loss = 4.6784, ivc_loss = 0.0507, neg_loss = 0.0004, hneg_loss = 0.0222, push_loss = 0.6377, pull_loss = 0.0003, 0.592 seconds/batch
2026-06-03 12:09:18,320 - Epoch 10, Batch 750, lr = 0.00008, final_loss = 4.6198, nll_loss = 4.5383, hneg_nll_loss = 4.7012, ivc_loss = 0.0502, neg_loss = 0.0005, hneg_loss = 0.0215, push_loss = 0.5987, pull_loss = 0.0003, 0.589 seconds/batch
2026-06-03 12:09:46,067 - Epoch 10, Batch 800, lr = 0.00008, final_loss = 4.6232, nll_loss = 4.5420, hneg_nll_loss = 4.7044, ivc_loss = 0.0513, neg_loss = 0.0007, hneg_loss = 0.0218, push_loss = 0.6153, pull_loss = 0.0003, 0.587 seconds/batch
2026-06-03 12:10:14,578 - Epoch 10, Batch 850, lr = 0.00007, final_loss = 4.5829, nll_loss = 4.5021, hneg_nll_loss = 4.6637, ivc_loss = 0.0504, neg_loss = 0.0004, hneg_loss = 0.0212, push_loss = 0.5968, pull_loss = 0.0007, 0.586 seconds/batch
2026-06-03 12:10:49,195 - Epoch 10, Batch 900, lr = 0.00007, final_loss = 4.5956, nll_loss = 4.5159, hneg_nll_loss = 4.6753, ivc_loss = 0.0536, neg_loss = 0.0006, hneg_loss = 0.0230, push_loss = 0.5899, pull_loss = 0.0003, 0.592 seconds/batch
2026-06-03 12:11:23,848 - Epoch 10, Batch 950, lr = 0.00007, final_loss = 4.5736, nll_loss = 4.4897, hneg_nll_loss = 4.6576, ivc_loss = 0.0472, neg_loss = 0.0005, hneg_loss = 0.0204, push_loss = 0.6069, pull_loss = 0.0002, 0.598 seconds/batch
2026-06-03 12:11:58,496 - Epoch 10, Batch 1000, lr = 0.00007, final_loss = 4.5830, nll_loss = 4.5011, hneg_nll_loss = 4.6649, ivc_loss = 0.0509, neg_loss = 0.0012, hneg_loss = 0.0213, push_loss = 0.5855, pull_loss = 0.0002, 0.602 seconds/batch
2026-06-03 12:12:33,136 - Epoch 10, Batch 1050, lr = 0.00007, final_loss = 4.6032, nll_loss = 4.5234, hneg_nll_loss = 4.6830, ivc_loss = 0.0511, neg_loss = 0.0003, hneg_loss = 0.0221, push_loss = 0.5635, pull_loss = 0.0002, 0.607 seconds/batch
2026-06-03 12:13:07,779 - Epoch 10, Batch 1100, lr = 0.00007, final_loss = 4.6610, nll_loss = 4.5772, hneg_nll_loss = 4.7448, ivc_loss = 0.0487, neg_loss = 0.0006, hneg_loss = 0.0208, push_loss = 0.5905, pull_loss = 0.0003, 0.611 seconds/batch
2026-06-03 12:13:42,772 - Epoch 10, Batch 1150, lr = 0.00007, final_loss = 4.6143, nll_loss = 4.5322, hneg_nll_loss = 4.6963, ivc_loss = 0.0490, neg_loss = 0.0006, hneg_loss = 0.0205, push_loss = 0.5871, pull_loss = 0.0003, 0.614 seconds/batch
2026-06-03 12:13:56,371 - Epoch 10, Batch 1170, lr = 0.00007, final_loss = 4.5784, nll_loss = 4.4936, hneg_nll_loss = 4.6631, ivc_loss = 0.0471, neg_loss = 0.0002, hneg_loss = 0.0207, push_loss = 0.6233, pull_loss = 0.0003, 0.616 seconds/batch
2026-06-03 12:13:56,505 - save model to ./checkpoints/activitynet/exp-activitynet_exp02_2026-06-03_09-44-16/model-10.pt, num_updates 11700.
2026-06-03 12:18:01,154 - | Rank1,mIoU 0.1450 | Rank1,IoU@0.1 0.4552 | Rank1,IoU@0.3 0.1988 | Rank1,IoU@0.5 0.0627 | Rank5,mIoU 0.3811 | Rank5,IoU@0.1 0.9427 | Rank5,IoU@0.3 0.6628 | Rank5,IoU@0.5 0.2392 |
2026-06-03 12:18:01,155 - ============================================================
2026-06-03 12:18:01,155 - Start Epoch 11
2026-06-03 12:18:29,058 - Epoch 11, Batch 50, lr = 0.00007, final_loss = 4.5661, nll_loss = 4.4872, hneg_nll_loss = 4.6451, ivc_loss = 0.0505, neg_loss = 0.0004, hneg_loss = 0.0223, push_loss = 0.6038, pull_loss = 0.0002, 0.558 seconds/batch
2026-06-03 12:18:56,597 - Epoch 11, Batch 100, lr = 0.00007, final_loss = 4.5777, nll_loss = 4.4955, hneg_nll_loss = 4.6599, ivc_loss = 0.0490, neg_loss = 0.0006, hneg_loss = 0.0209, push_loss = 0.5792, pull_loss = 0.0003, 0.554 seconds/batch
2026-06-03 12:19:30,121 - Epoch 11, Batch 150, lr = 0.00007, final_loss = 4.5873, nll_loss = 4.5050, hneg_nll_loss = 4.6696, ivc_loss = 0.0474, neg_loss = 0.0005, hneg_loss = 0.0202, push_loss = 0.5803, pull_loss = 0.0003, 0.593 seconds/batch
2026-06-03 12:20:04,491 - Epoch 11, Batch 200, lr = 0.00007, final_loss = 4.5869, nll_loss = 4.5034, hneg_nll_loss = 4.6704, ivc_loss = 0.0466, neg_loss = 0.0004, hneg_loss = 0.0202, push_loss = 0.5993, pull_loss = 0.0002, 0.617 seconds/batch
2026-06-03 12:20:39,053 - Epoch 11, Batch 250, lr = 0.00007, final_loss = 4.5788, nll_loss = 4.4958, hneg_nll_loss = 4.6618, ivc_loss = 0.0462, neg_loss = 0.0008, hneg_loss = 0.0195, push_loss = 0.6121, pull_loss = 0.0002, 0.632 seconds/batch
2026-06-03 12:21:13,453 - Epoch 11, Batch 300, lr = 0.00007, final_loss = 4.5616, nll_loss = 4.4812, hneg_nll_loss = 4.6420, ivc_loss = 0.0487, neg_loss = 0.0003, hneg_loss = 0.0209, push_loss = 0.5763, pull_loss = 0.0002, 0.641 seconds/batch
2026-06-03 12:21:42,932 - Epoch 11, Batch 350, lr = 0.00007, final_loss = 4.5691, nll_loss = 4.4883, hneg_nll_loss = 4.6499, ivc_loss = 0.0483, neg_loss = 0.0008, hneg_loss = 0.0202, push_loss = 0.6010, pull_loss = 0.0002, 0.634 seconds/batch
2026-06-03 12:22:10,739 - Epoch 11, Batch 400, lr = 0.00007, final_loss = 4.5414, nll_loss = 4.4610, hneg_nll_loss = 4.6217, ivc_loss = 0.0513, neg_loss = 0.0007, hneg_loss = 0.0218, push_loss = 0.6132, pull_loss = 0.0002, 0.624 seconds/batch
2026-06-03 12:22:38,496 - Epoch 11, Batch 450, lr = 0.00007, final_loss = 4.5779, nll_loss = 4.4956, hneg_nll_loss = 4.6602, ivc_loss = 0.0504, neg_loss = 0.0009, hneg_loss = 0.0213, push_loss = 0.6648, pull_loss = 0.0003, 0.616 seconds/batch
2026-06-03 12:23:06,265 - Epoch 11, Batch 500, lr = 0.00007, final_loss = 4.5685, nll_loss = 4.4875, hneg_nll_loss = 4.6495, ivc_loss = 0.0463, neg_loss = 0.0005, hneg_loss = 0.0197, push_loss = 0.6138, pull_loss = 0.0002, 0.610 seconds/batch
2026-06-03 12:23:34,067 - Epoch 11, Batch 550, lr = 0.00007, final_loss = 4.6040, nll_loss = 4.5211, hneg_nll_loss = 4.6870, ivc_loss = 0.0459, neg_loss = 0.0008, hneg_loss = 0.0193, push_loss = 0.6185, pull_loss = 0.0002, 0.605 seconds/batch
2026-06-03 12:24:01,845 - Epoch 11, Batch 600, lr = 0.00007, final_loss = 4.5766, nll_loss = 4.4960, hneg_nll_loss = 4.6571, ivc_loss = 0.0497, neg_loss = 0.0006, hneg_loss = 0.0213, push_loss = 0.6270, pull_loss = 0.0002, 0.601 seconds/batch
2026-06-03 12:24:29,603 - Epoch 11, Batch 650, lr = 0.00007, final_loss = 4.5617, nll_loss = 4.4802, hneg_nll_loss = 4.6433, ivc_loss = 0.0533, neg_loss = 0.0009, hneg_loss = 0.0226, push_loss = 0.5890, pull_loss = 0.0002, 0.598 seconds/batch
2026-06-03 12:24:57,420 - Epoch 11, Batch 700, lr = 0.00007, final_loss = 4.6032, nll_loss = 4.5191, hneg_nll_loss = 4.6872, ivc_loss = 0.0507, neg_loss = 0.0013, hneg_loss = 0.0208, push_loss = 0.6404, pull_loss = 0.0004, 0.595 seconds/batch
2026-06-03 12:25:25,214 - Epoch 11, Batch 750, lr = 0.00007, final_loss = 4.5469, nll_loss = 4.4618, hneg_nll_loss = 4.6321, ivc_loss = 0.0478, neg_loss = 0.0016, hneg_loss = 0.0188, push_loss = 0.6592, pull_loss = 0.0004, 0.592 seconds/batch
